# JRE version: OpenJDK Runtime Environment (7.0_101) (build 1.7.0_101-b00)
# Java VM: OpenJDK Server VM (24.95-b01 mixed mode linux-x86 )
Heap
 PSYoungGen      total 291840K, used 6976K [0x9dac0000, 0xb3040000, 0xb3040000)
  eden space 244224K, 0% used [0x9dac0000,0x9dac0000,0xac940000)
  from space 47616K, 14% used [0xb0140000,0xb0810010,0xb2fc0000)
  to   space 52736K, 0% used [0xac940000,0xac940000,0xafcc0000)
 ParOldGen       total 225024K, used 224892K [0x73040000, 0x80c00000, 0x9dac0000)
  object space 225024K, 99% used [0x73040000,0x80bdf210,0x80c00000)
 PSPermGen       total 16384K, used 4427K [0x6b040000, 0x6c040000, 0x73040000)
  object space 16384K, 27% used [0x6b040000,0x6b492fd0,0x6c040000)
GC Heap History (10 events):
Event: 73.754 GC heap after
Heap after GC invocations=15 (full 2):
 PSYoungGen      total 281600K, used 35910K [0x9dac0000, 0xb3040000, 0xb3040000)
  eden space 240896K, 0% used [0x9dac0000,0x9dac0000,0xac600000)
  from space 40704K, 88% used [0xac600000,0xae9118b0,0xaedc0000)
  to   space 45824K, 0% used [0xb0380000,0xb0380000,0xb3040000)
 ParOldGen       total 143872K, used 109419K [0x73040000, 0x7bcc0000, 0x9dac0000)
  object space 143872K, 76% used [0x73040000,0x79b1ae58,0x7bcc0000)
 PSPermGen       total 16384K, used 4401K [0x6b040000, 0x6c040000, 0x73040000)
  object space 16384K, 26% used [0x6b040000,0x6b48c688,0x6c040000)
}
Event: 81.351 GC heap before
{Heap before GC invocations=16 (full 2):
 PSYoungGen      total 281600K, used 276806K [0x9dac0000, 0xb3040000, 0xb3040000)
  eden space 240896K, 100% used [0x9dac0000,0xac600000,0xac600000)
  from space 40704K, 88% used [0xac600000,0xae9118b0,0xaedc0000)
  to   space 45824K, 0% used [0xb0380000,0xb0380000,0xb3040000)
 ParOldGen       total 143872K, used 109419K [0x73040000, 0x7bcc0000, 0x9dac0000)
  object space 143872K, 76% used [0x73040000,0x79b1ae58,0x7bcc0000)
 PSPermGen       total 16384K, used 4406K [0x6b040000, 0x6c040000, 0x73040000)
  object space 16384K, 26% used [0x6b040000,0x6b48dbc0,0x6c040000)
Event: 88.142 GC heap after
Heap after GC invocations=16 (full 2):
 PSYoungGen      total 295680K, used 35208K [0x9dac0000, 0xb3040000, 0xb3040000)
  eden space 249856K, 0% used [0x9dac0000,0x9dac0000,0xacec0000)
  from space 45824K, 76% used [0xb0380000,0xb25e2298,0xb3040000)
  to   space 49920K, 0% used [0xacec0000,0xacec0000,0xaff80000)
 ParOldGen       total 144384K, used 144122K [0x73040000, 0x7bd40000, 0x9dac0000)
  object space 144384K, 99% used [0x73040000,0x7bcfe9a0,0x7bd40000)
 PSPermGen       total 16384K, used 4406K [0x6b040000, 0x6c040000, 0x73040000)
  object space 16384K, 26% used [0x6b040000,0x6b48dbc0,0x6c040000)
}
Event: 88.518 GC heap before
{Heap before GC invocations=17 (full 3):
 PSYoungGen      total 295680K, used 35208K [0x9dac0000, 0xb3040000, 0xb3040000)
  eden space 249856K, 0% used [0x9dac0000,0x9dac0000,0xacec0000)
  from space 45824K, 76% used [0xb0380000,0xb25e2298,0xb3040000)
  to   space 49920K, 0% used [0xacec0000,0xacec0000,0xaff80000)
 ParOldGen       total 144384K, used 144122K [0x73040000, 0x7bd40000, 0x9dac0000)
  object space 144384K, 99% used [0x73040000,0x7bcfe9a0,0x7bd40000)
 PSPermGen       total 16384K, used 4406K [0x6b040000, 0x6c040000, 0x73040000)
  object space 16384K, 26% used [0x6b040000,0x6b48dbc0,0x6c040000)
Event: 91.059 GC heap after
Heap after GC invocations=17 (full 3):
 PSYoungGen      total 295680K, used 31885K [0x9dac0000, 0xb3040000, 0xb3040000)
  eden space 249856K, 0% used [0x9dac0000,0x9dac0000,0xacec0000)
  from space 45824K, 69% used [0xb0380000,0xb22a34b0,0xb3040000)
  to   space 49920K, 0% used [0xacec0000,0xacec0000,0xaff80000)
 ParOldGen       total 225024K, used 144150K [0x73040000, 0x80c00000, 0x9dac0000)
  object space 225024K, 64% used [0x73040000,0x7bd05b68,0x80c00000)
 PSPermGen       total 16384K, used 4406K [0x6b040000, 0x6c040000, 0x73040000)
  object space 16384K, 26% used [0x6b040000,0x6b48da60,0x6c040000)
}
Event: 105.714 GC heap before
{Heap before GC invocations=18 (full 3):
 PSYoungGen      total 295680K, used 281741K [0x9dac0000, 0xb3040000, 0xb3040000)
  eden space 249856K, 100% used [0x9dac0000,0xacec0000,0xacec0000)
  from space 45824K, 69% used [0xb0380000,0xb22a34b0,0xb3040000)
  to   space 49920K, 0% used [0xacec0000,0xacec0000,0xaff80000)
 ParOldGen       total 225024K, used 144150K [0x73040000, 0x80c00000, 0x9dac0000)
  object space 225024K, 64% used [0x73040000,0x7bd05b68,0x80c00000)
 PSPermGen       total 16384K, used 4412K [0x6b040000, 0x6c040000, 0x73040000)
  object space 16384K, 26% used [0x6b040000,0x6b48f050,0x6c040000)
Event: 109.841 GC heap after
Heap after GC invocations=18 (full 3):
 PSYoungGen      total 299776K, used 20943K [0x9dac0000, 0xb2fc0000, 0xb3040000)
  eden space 249856K, 0% used [0x9dac0000,0x9dac0000,0xacec0000)
  from space 49920K, 41% used [0xacec0000,0xae333ca0,0xaff80000)
  to   space 47616K, 0% used [0xb0140000,0xb0140000,0xb2fc0000)
 ParOldGen       total 225024K, used 175087K [0x73040000, 0x80c00000, 0x9dac0000)
  object space 225024K, 77% used [0x73040000,0x7db3bc58,0x80c00000)
 PSPermGen       total 16384K, used 4412K [0x6b040000, 0x6c040000, 0x73040000)
  object space 16384K, 26% used [0x6b040000,0x6b48f050,0x6c040000)
}
Event: 113.987 GC heap before
{Heap before GC invocations=19 (full 3):
 PSYoungGen      total 299776K, used 270799K [0x9dac0000, 0xb2fc0000, 0xb3040000)
  eden space 249856K, 100% used [0x9dac0000,0xacec0000,0xacec0000)
  from space 49920K, 41% used [0xacec0000,0xae333ca0,0xaff80000)
  to   space 47616K, 0% used [0xb0140000,0xb0140000,0xb2fc0000)
 ParOldGen       total 225024K, used 175087K [0x73040000, 0x80c00000, 0x9dac0000)
  object space 225024K, 77% used [0x73040000,0x7db3bc58,0x80c00000)
 PSPermGen       total 16384K, used 4428K [0x6b040000, 0x6c040000, 0x73040000)
  object space 16384K, 27% used [0x6b040000,0x6b493060,0x6c040000)
Event: 114.368 GC heap after
Heap after GC invocations=19 (full 3):
 PSYoungGen      total 291840K, used 40449K [0x9dac0000, 0xb3040000, 0xb3040000)
  eden space 244224K, 0% used [0x9dac0000,0x9dac0000,0xac940000)
  from space 47616K, 84% used [0xb0140000,0xb28c0690,0xb2fc0000)
  to   space 52736K, 0% used [0xac940000,0xac940000,0xafcc0000)
 ParOldGen       total 225024K, used 195251K [0x73040000, 0x80c00000, 0x9dac0000)
  object space 225024K, 86% used [0x73040000,0x7eeeceb8,0x80c00000)
 PSPermGen       total 16384K, used 4428K [0x6b040000, 0x6c040000, 0x73040000)
  object space 16384K, 27% used [0x6b040000,0x6b493060,0x6c040000)
}
Event: 114.368 GC heap before
{Heap before GC invocations=20 (full 4):
 PSYoungGen      total 291840K, used 40449K [0x9dac0000, 0xb3040000, 0xb3040000)
  eden space 244224K, 0% used [0x9dac0000,0x9dac0000,0xac940000)
  from space 47616K, 84% used [0xb0140000,0xb28c0690,0xb2fc0000)
  to   space 52736K, 0% used [0xac940000,0xac940000,0xafcc0000)
 ParOldGen       total 225024K, used 195251K [0x73040000, 0x80c00000, 0x9dac0000)
  object space 225024K, 86% used [0x73040000,0x7eeeceb8,0x80c00000)
 PSPermGen       total 16384K, used 4428K [0x6b040000, 0x6c040000, 0x73040000)
  object space 16384K, 27% used [0x6b040000,0x6b493060,0x6c040000)

