# JRE version: OpenJDK Runtime Environment (7.0_101) (build 1.7.0_101-b00)
# Java VM: OpenJDK Server VM (24.95-b01 mixed mode linux-x86 )
Heap
 PSYoungGen      total 222720K, used 60794K [0x9db40000, 0xb30c0000, 0xb30c0000)
  eden space 116736K, 0% used [0x9db40000,0x9db40000,0xa4d40000)
  from space 105984K, 57% used [0xac940000,0xb049eb10,0xb30c0000)
  to   space 116480K, 0% used [0xa4d40000,0xa4d40000,0xabf00000)
 ParOldGen       total 609024K, used 608952K [0x730c0000, 0x98380000, 0x9db40000)
  object space 609024K, 99% used [0x730c0000,0x9836e048,0x98380000)
 PSPermGen       total 16384K, used 4483K [0x6b0c0000, 0x6c0c0000, 0x730c0000)
  object space 16384K, 27% used [0x6b0c0000,0x6b520c90,0x6c0c0000)
GC Heap History (10 events):
Event: 34.356 GC heap after
Heap after GC invocations=32 (full 5):
 PSYoungGen      total 232448K, used 40689K [0x9db40000, 0xb2580000, 0xb30c0000)
  eden space 132608K, 0% used [0x9db40000,0x9db40000,0xa5cc0000)
  from space 99840K, 40% used [0xa5cc0000,0xa847c750,0xabe40000)
  to   space 94464K, 0% used [0xac940000,0xac940000,0xb2580000)
 ParOldGen       total 466944K, used 428927K [0x730c0000, 0x8f8c0000, 0x9db40000)
  object space 466944K, 91% used [0x730c0000,0x8d39fe20,0x8f8c0000)
 PSPermGen       total 16384K, used 4482K [0x6b0c0000, 0x6c0c0000, 0x730c0000)
  object space 16384K, 27% used [0x6b0c0000,0x6b520928,0x6c0c0000)
}
Event: 36.607 GC heap before
{Heap before GC invocations=33 (full 5):
 PSYoungGen      total 232448K, used 173297K [0x9db40000, 0xb2580000, 0xb30c0000)
  eden space 132608K, 100% used [0x9db40000,0xa5cc0000,0xa5cc0000)
  from space 99840K, 40% used [0xa5cc0000,0xa847c750,0xabe40000)
  to   space 94464K, 0% used [0xac940000,0xac940000,0xb2580000)
 ParOldGen       total 466944K, used 428927K [0x730c0000, 0x8f8c0000, 0x9db40000)
  object space 466944K, 91% used [0x730c0000,0x8d39fe20,0x8f8c0000)
 PSPermGen       total 16384K, used 4483K [0x6b0c0000, 0x6c0c0000, 0x730c0000)
  object space 16384K, 27% used [0x6b0c0000,0x6b520cf0,0x6c0c0000)
Event: 36.773 GC heap after
Heap after GC invocations=33 (full 5):
 PSYoungGen      total 241920K, used 58459K [0x9db40000, 0xb2b80000, 0xb30c0000)
  eden space 147456K, 0% used [0x9db40000,0x9db40000,0xa6b40000)
  from space 94464K, 61% used [0xac940000,0xb0256ed0,0xb2580000)
  to   space 96256K, 0% used [0xa6b40000,0xa6b40000,0xac940000)
 ParOldGen       total 466944K, used 448371K [0x730c0000, 0x8f8c0000, 0x9db40000)
  object space 466944K, 96% used [0x730c0000,0x8e69cd50,0x8f8c0000)
 PSPermGen       total 16384K, used 4483K [0x6b0c0000, 0x6c0c0000, 0x730c0000)
  object space 16384K, 27% used [0x6b0c0000,0x6b520cf0,0x6c0c0000)
}
Event: 36.773 GC heap before
{Heap before GC invocations=34 (full 6):
 PSYoungGen      total 241920K, used 58459K [0x9db40000, 0xb2b80000, 0xb30c0000)
  eden space 147456K, 0% used [0x9db40000,0x9db40000,0xa6b40000)
  from space 94464K, 61% used [0xac940000,0xb0256ed0,0xb2580000)
  to   space 96256K, 0% used [0xa6b40000,0xa6b40000,0xac940000)
 ParOldGen       total 466944K, used 448371K [0x730c0000, 0x8f8c0000, 0x9db40000)
  object space 466944K, 96% used [0x730c0000,0x8e69cd50,0x8f8c0000)
 PSPermGen       total 16384K, used 4483K [0x6b0c0000, 0x6c0c0000, 0x730c0000)
  object space 16384K, 27% used [0x6b0c0000,0x6b520cf0,0x6c0c0000)
Event: 39.886 GC heap after
Heap after GC invocations=34 (full 6):
 PSYoungGen      total 241920K, used 36476K [0x9db40000, 0xb2b80000, 0xb30c0000)
  eden space 147456K, 0% used [0x9db40000,0x9db40000,0xa6b40000)
  from space 94464K, 38% used [0xac940000,0xaecdf120,0xb2580000)
  to   space 96256K, 0% used [0xa6b40000,0xa6b40000,0xac940000)
 ParOldGen       total 609024K, used 466752K [0x730c0000, 0x98380000, 0x9db40000)
  object space 609024K, 76% used [0x730c0000,0x8f8901b8,0x98380000)
 PSPermGen       total 16384K, used 4483K [0x6b0c0000, 0x6c0c0000, 0x730c0000)
  object space 16384K, 27% used [0x6b0c0000,0x6b520c90,0x6c0c0000)
}
Event: 39.994 GC heap before
{Heap before GC invocations=35 (full 6):
 PSYoungGen      total 241920K, used 183932K [0x9db40000, 0xb2b80000, 0xb30c0000)
  eden space 147456K, 100% used [0x9db40000,0xa6b40000,0xa6b40000)
  from space 94464K, 38% used [0xac940000,0xaecdf120,0xb2580000)
  to   space 96256K, 0% used [0xa6b40000,0xa6b40000,0xac940000)
 ParOldGen       total 609024K, used 466752K [0x730c0000, 0x98380000, 0x9db40000)
  object space 609024K, 76% used [0x730c0000,0x8f8901b8,0x98380000)
 PSPermGen       total 16384K, used 4483K [0x6b0c0000, 0x6c0c0000, 0x730c0000)
  object space 16384K, 27% used [0x6b0c0000,0x6b520c90,0x6c0c0000)
Event: 40.461 GC heap after
Heap after GC invocations=35 (full 6):
 PSYoungGen      total 243712K, used 96253K [0x9db40000, 0xb30c0000, 0xb30c0000)
  eden space 147456K, 0% used [0x9db40000,0x9db40000,0xa6b40000)
  from space 96256K, 99% used [0xa6b40000,0xac93f7a0,0xac940000)
  to   space 105984K, 0% used [0xac940000,0xac940000,0xb30c0000)
 ParOldGen       total 609024K, used 494721K [0x730c0000, 0x98380000, 0x9db40000)
  object space 609024K, 81% used [0x730c0000,0x913e0498,0x98380000)
 PSPermGen       total 16384K, used 4483K [0x6b0c0000, 0x6c0c0000, 0x730c0000)
  object space 16384K, 27% used [0x6b0c0000,0x6b520c90,0x6c0c0000)
}
Event: 40.606 GC heap before
{Heap before GC invocations=36 (full 6):
 PSYoungGen      total 243712K, used 243709K [0x9db40000, 0xb30c0000, 0xb30c0000)
  eden space 147456K, 100% used [0x9db40000,0xa6b40000,0xa6b40000)
  from space 96256K, 99% used [0xa6b40000,0xac93f7a0,0xac940000)
  to   space 105984K, 0% used [0xac940000,0xac940000,0xb30c0000)
 ParOldGen       total 609024K, used 494721K [0x730c0000, 0x98380000, 0x9db40000)
  object space 609024K, 81% used [0x730c0000,0x913e0498,0x98380000)
 PSPermGen       total 16384K, used 4483K [0x6b0c0000, 0x6c0c0000, 0x730c0000)
  object space 16384K, 27% used [0x6b0c0000,0x6b520c90,0x6c0c0000)
Event: 40.952 GC heap after
Heap after GC invocations=36 (full 6):
 PSYoungGen      total 222720K, used 105982K [0x9db40000, 0xb30c0000, 0xb30c0000)
  eden space 116736K, 0% used [0x9db40000,0x9db40000,0xa4d40000)
  from space 105984K, 99% used [0xac940000,0xb30bf878,0xb30c0000)
  to   space 116480K, 0% used [0xa4d40000,0xa4d40000,0xabf00000)
 ParOldGen       total 609024K, used 596024K [0x730c0000, 0x98380000, 0x9db40000)
  object space 609024K, 97% used [0x730c0000,0x976ce310,0x98380000)
 PSPermGen       total 16384K, used 4483K [0x6b0c0000, 0x6c0c0000, 0x730c0000)
  object space 16384K, 27% used [0x6b0c0000,0x6b520c90,0x6c0c0000)
}
Event: 40.955 GC heap before
{Heap before GC invocations=37 (full 7):
 PSYoungGen      total 222720K, used 105982K [0x9db40000, 0xb30c0000, 0xb30c0000)
  eden space 116736K, 0% used [0x9db40000,0x9db40000,0xa4d40000)
  from space 105984K, 99% used [0xac940000,0xb30bf878,0xb30c0000)
  to   space 116480K, 0% used [0xa4d40000,0xa4d40000,0xabf00000)
 ParOldGen       total 609024K, used 596024K [0x730c0000, 0x98380000, 0x9db40000)
  object space 609024K, 97% used [0x730c0000,0x976ce310,0x98380000)
 PSPermGen       total 16384K, used 4483K [0x6b0c0000, 0x6c0c0000, 0x730c0000)
  object space 16384K, 27% used [0x6b0c0000,0x6b520c90,0x6c0c0000)

