# JRE version: OpenJDK Runtime Environment (7.0_101) (build 1.7.0_101-b00)
# Java VM: OpenJDK Server VM (24.95-b01 mixed mode linux-x86 )
Heap
 PSYoungGen      total 239616K, used 238603K [0x9dac0000, 0xb3040000, 0xb3040000)
  eden space 145152K, 100% used [0x9dac0000,0xa6880000,0xa6880000)
  from space 94464K, 98% used [0xa6880000,0xac3c2e78,0xac4c0000)
  to   space 108800K, 44% used [0xac600000,0xaf5b4258,0xb3040000)
 ParOldGen       total 629504K, used 629500K [0x73040000, 0x99700000, 0x9dac0000)
  object space 629504K, 99% used [0x73040000,0x996ff060,0x99700000)
 PSPermGen       total 16384K, used 4486K [0x6b040000, 0x6c040000, 0x73040000)
  object space 16384K, 27% used [0x6b040000,0x6b4a1a20,0x6c040000)
GC Heap History (10 events):
Event: 70.992 GC heap after
Heap after GC invocations=33 (full 5):
 PSYoungGen      total 236544K, used 40153K [0x9dac0000, 0xb28c0000, 0xb3040000)
  eden space 129280K, 0% used [0x9dac0000,0x9dac0000,0xa5900000)
  from space 107264K, 37% used [0xabb80000,0xae2b65d8,0xb2440000)
  to   space 100864K, 0% used [0xa5900000,0xa5900000,0xabb80000)
 ParOldGen       total 478976K, used 418193K [0x73040000, 0x90400000, 0x9dac0000)
  object space 478976K, 87% used [0x73040000,0x8c8a47e0,0x90400000)
 PSPermGen       total 16384K, used 4483K [0x6b040000, 0x6c040000, 0x73040000)
  object space 16384K, 27% used [0x6b040000,0x6b4a0f88,0x6c040000)
}
Event: 71.845 GC heap before
{Heap before GC invocations=34 (full 5):
 PSYoungGen      total 236544K, used 169433K [0x9dac0000, 0xb28c0000, 0xb3040000)
  eden space 129280K, 100% used [0x9dac0000,0xa5900000,0xa5900000)
  from space 107264K, 37% used [0xabb80000,0xae2b65d8,0xb2440000)
  to   space 100864K, 0% used [0xa5900000,0xa5900000,0xabb80000)
 ParOldGen       total 478976K, used 418193K [0x73040000, 0x90400000, 0x9dac0000)
  object space 478976K, 87% used [0x73040000,0x8c8a47e0,0x90400000)
 PSPermGen       total 16384K, used 4484K [0x6b040000, 0x6c040000, 0x73040000)
  object space 16384K, 27% used [0x6b040000,0x6b4a1250,0x6c040000)
Event: 72.066 GC heap after
Heap after GC invocations=34 (full 5):
 PSYoungGen      total 230144K, used 22126K [0x9dac0000, 0xb2480000, 0xb3040000)
  eden space 129280K, 0% used [0x9dac0000,0x9dac0000,0xa5900000)
  from space 100864K, 21% used [0xa5900000,0xa6e9ba58,0xabb80000)
  to   space 98048K, 0% used [0xac4c0000,0xac4c0000,0xb2480000)
 ParOldGen       total 478976K, used 453733K [0x73040000, 0x90400000, 0x9dac0000)
  object space 478976K, 94% used [0x73040000,0x8eb596a0,0x90400000)
 PSPermGen       total 16384K, used 4484K [0x6b040000, 0x6c040000, 0x73040000)
  object space 16384K, 27% used [0x6b040000,0x6b4a1250,0x6c040000)
}
Event: 72.066 GC heap before
{Heap before GC invocations=35 (full 6):
 PSYoungGen      total 230144K, used 22126K [0x9dac0000, 0xb2480000, 0xb3040000)
  eden space 129280K, 0% used [0x9dac0000,0x9dac0000,0xa5900000)
  from space 100864K, 21% used [0xa5900000,0xa6e9ba58,0xabb80000)
  to   space 98048K, 0% used [0xac4c0000,0xac4c0000,0xb2480000)
 ParOldGen       total 478976K, used 453733K [0x73040000, 0x90400000, 0x9dac0000)
  object space 478976K, 94% used [0x73040000,0x8eb596a0,0x90400000)
 PSPermGen       total 16384K, used 4484K [0x6b040000, 0x6c040000, 0x73040000)
  object space 16384K, 27% used [0x6b040000,0x6b4a1250,0x6c040000)
Event: 76.059 GC heap after
Heap after GC invocations=35 (full 6):
 PSYoungGen      total 230144K, used 0K [0x9dac0000, 0xb2480000, 0xb3040000)
  eden space 129280K, 0% used [0x9dac0000,0x9dac0000,0xa5900000)
  from space 100864K, 0% used [0xa5900000,0xa5900000,0xabb80000)
  to   space 98048K, 0% used [0xac4c0000,0xac4c0000,0xb2480000)
 ParOldGen       total 619776K, used 473602K [0x73040000, 0x98d80000, 0x9dac0000)
  object space 619776K, 76% used [0x73040000,0x8fec08e8,0x98d80000)
 PSPermGen       total 16384K, used 4484K [0x6b040000, 0x6c040000, 0x73040000)
  object space 16384K, 27% used [0x6b040000,0x6b4a1210,0x6c040000)
}
Event: 78.723 GC heap before
{Heap before GC invocations=36 (full 6):
 PSYoungGen      total 230144K, used 129280K [0x9dac0000, 0xb2480000, 0xb3040000)
  eden space 129280K, 100% used [0x9dac0000,0xa5900000,0xa5900000)
  from space 100864K, 0% used [0xa5900000,0xa5900000,0xabb80000)
  to   space 98048K, 0% used [0xac4c0000,0xac4c0000,0xb2480000)
 ParOldGen       total 619776K, used 473602K [0x73040000, 0x98d80000, 0x9dac0000)
  object space 619776K, 76% used [0x73040000,0x8fec08e8,0x98d80000)
 PSPermGen       total 16384K, used 4486K [0x6b040000, 0x6c040000, 0x73040000)
  object space 16384K, 27% used [0x6b040000,0x6b4a1950,0x6c040000)
Event: 78.817 GC heap after
Heap after GC invocations=36 (full 6):
 PSYoungGen      total 243200K, used 45334K [0x9dac0000, 0xb2600000, 0xb3040000)
  eden space 145152K, 0% used [0x9dac0000,0x9dac0000,0xa6880000)
  from space 98048K, 46% used [0xac4c0000,0xaf105b28,0xb2480000)
  to   space 94464K, 0% used [0xa6880000,0xa6880000,0xac4c0000)
 ParOldGen       total 619776K, used 473602K [0x73040000, 0x98d80000, 0x9dac0000)
  object space 619776K, 76% used [0x73040000,0x8fec08e8,0x98d80000)
 PSPermGen       total 16384K, used 4486K [0x6b040000, 0x6c040000, 0x73040000)
  object space 16384K, 27% used [0x6b040000,0x6b4a1950,0x6c040000)
}
Event: 79.051 GC heap before
{Heap before GC invocations=37 (full 6):
 PSYoungGen      total 243200K, used 190486K [0x9dac0000, 0xb2600000, 0xb3040000)
  eden space 145152K, 100% used [0x9dac0000,0xa6880000,0xa6880000)
  from space 98048K, 46% used [0xac4c0000,0xaf105b28,0xb2480000)
  to   space 94464K, 0% used [0xa6880000,0xa6880000,0xac4c0000)
 ParOldGen       total 619776K, used 473602K [0x73040000, 0x98d80000, 0x9dac0000)
  object space 619776K, 76% used [0x73040000,0x8fec08e8,0x98d80000)
 PSPermGen       total 16384K, used 4486K [0x6b040000, 0x6c040000, 0x73040000)
  object space 16384K, 27% used [0x6b040000,0x6b4a1960,0x6c040000)
Event: 79.262 GC heap after
Heap after GC invocations=37 (full 6):
 PSYoungGen      total 239616K, used 93451K [0x9dac0000, 0xb3040000, 0xb3040000)
  eden space 145152K, 0% used [0x9dac0000,0x9dac0000,0xa6880000)
  from space 94464K, 98% used [0xa6880000,0xac3c2e78,0xac4c0000)
  to   space 108800K, 0% used [0xac600000,0xac600000,0xb3040000)
 ParOldGen       total 619776K, used 518034K [0x73040000, 0x98d80000, 0x9dac0000)
  object space 619776K, 83% used [0x73040000,0x92a249e8,0x98d80000)
 PSPermGen       total 16384K, used 4486K [0x6b040000, 0x6c040000, 0x73040000)
  object space 16384K, 27% used [0x6b040000,0x6b4a1960,0x6c040000)
}
Event: 80.031 GC heap before
{Heap before GC invocations=38 (full 6):
 PSYoungGen      total 239616K, used 238603K [0x9dac0000, 0xb3040000, 0xb3040000)
  eden space 145152K, 100% used [0x9dac0000,0xa6880000,0xa6880000)
  from space 94464K, 98% used [0xa6880000,0xac3c2e78,0xac4c0000)
  to   space 108800K, 0% used [0xac600000,0xac600000,0xb3040000)
 ParOldGen       total 619776K, used 518034K [0x73040000, 0x98d80000, 0x9dac0000)
  object space 619776K, 83% used [0x73040000,0x92a249e8,0x98d80000)
 PSPermGen       total 16384K, used 4486K [0x6b040000, 0x6c040000, 0x73040000)
  object space 16384K, 27% used [0x6b040000,0x6b4a1a20,0x6c040000)

