# JRE version: OpenJDK Runtime Environment (7.0_101) (build 1.7.0_101-b00)
# Java VM: OpenJDK Server VM (24.95-b01 mixed mode linux-x86 )
Heap
 PSYoungGen      total 425216K, used 52143K [0x88640000, 0xb3100000, 0xb3100000)
  eden space 294144K, 0% used [0x88640000,0x88640000,0x9a580000)
  from space 131072K, 39% used [0xab100000,0xae3ebd40,0xb3100000)
  to   space 202496K, 0% used [0x9a580000,0x9a580000,0xa6b40000)
 ParOldGen       total 580096K, used 580060K [0x33100000, 0x56780000, 0x88640000)
  object space 580096K, 99% used [0x33100000,0x56777180,0x56780000)
 PSPermGen       total 16384K, used 4482K [0x2b100000, 0x2c100000, 0x33100000)
  object space 16384K, 27% used [0x2b100000,0x2b560960,0x2c100000)
GC Heap History (10 events):
Event: 55.052 GC heap after
Heap after GC invocations=19 (full 4):
 PSYoungGen      total 484096K, used 59093K [0x88640000, 0xb2340000, 0xb3100000)
  eden space 372480K, 0% used [0x88640000,0x88640000,0x9f200000)
  from space 111616K, 52% used [0x9f200000,0xa2bb5798,0xa5f00000)
  to   space 111872K, 0% used [0xab600000,0xab600000,0xb2340000)
 ParOldGen       total 352256K, used 283551K [0x33100000, 0x48900000, 0x88640000)
  object space 352256K, 80% used [0x33100000,0x445e7da8,0x48900000)
 PSPermGen       total 16384K, used 4459K [0x2b100000, 0x2c100000, 0x33100000)
  object space 16384K, 27% used [0x2b100000,0x2b55ad48,0x2c100000)
}
Event: 59.807 GC heap before
{Heap before GC invocations=20 (full 4):
 PSYoungGen      total 484096K, used 431573K [0x88640000, 0xb2340000, 0xb3100000)
  eden space 372480K, 100% used [0x88640000,0x9f200000,0x9f200000)
  from space 111616K, 52% used [0x9f200000,0xa2bb5798,0xa5f00000)
  to   space 111872K, 0% used [0xab600000,0xab600000,0xb2340000)
 ParOldGen       total 352256K, used 283551K [0x33100000, 0x48900000, 0x88640000)
  object space 352256K, 80% used [0x33100000,0x445e7da8,0x48900000)
 PSPermGen       total 16384K, used 4467K [0x2b100000, 0x2c100000, 0x33100000)
  object space 16384K, 27% used [0x2b100000,0x2b55ccb0,0x2c100000)
Event: 60.484 GC heap after
Heap after GC invocations=20 (full 4):
 PSYoungGen      total 545792K, used 111865K [0x88640000, 0xb3100000, 0xb3100000)
  eden space 433920K, 0% used [0x88640000,0x88640000,0xa2e00000)
  from space 111872K, 99% used [0xab600000,0xb233e6e8,0xb2340000)
  to   space 132608K, 0% used [0xa2e00000,0xa2e00000,0xaaf80000)
 ParOldGen       total 352256K, used 287964K [0x33100000, 0x48900000, 0x88640000)
  object space 352256K, 81% used [0x33100000,0x44a371f8,0x48900000)
 PSPermGen       total 16384K, used 4467K [0x2b100000, 0x2c100000, 0x33100000)
  object space 16384K, 27% used [0x2b100000,0x2b55ccb0,0x2c100000)
}
Event: 66.000 GC heap before
{Heap before GC invocations=21 (full 4):
 PSYoungGen      total 545792K, used 545785K [0x88640000, 0xb3100000, 0xb3100000)
  eden space 433920K, 100% used [0x88640000,0xa2e00000,0xa2e00000)
  from space 111872K, 99% used [0xab600000,0xb233e6e8,0xb2340000)
  to   space 132608K, 0% used [0xa2e00000,0xa2e00000,0xaaf80000)
 ParOldGen       total 352256K, used 287964K [0x33100000, 0x48900000, 0x88640000)
  object space 352256K, 81% used [0x33100000,0x44a371f8,0x48900000)
 PSPermGen       total 16384K, used 4480K [0x2b100000, 0x2c100000, 0x33100000)
  object space 16384K, 27% used [0x2b100000,0x2b5601e0,0x2c100000)
Event: 66.879 GC heap after
Heap after GC invocations=21 (full 4):
 PSYoungGen      total 566528K, used 66497K [0x88640000, 0xb3100000, 0xb3100000)
  eden space 433920K, 0% used [0x88640000,0x88640000,0xa2e00000)
  from space 132608K, 50% used [0xa2e00000,0xa6ef0590,0xaaf80000)
  to   space 131072K, 0% used [0xab100000,0xab100000,0xb3100000)
 ParOldGen       total 400640K, used 400602K [0x33100000, 0x4b840000, 0x88640000)
  object space 400640K, 99% used [0x33100000,0x4b836b38,0x4b840000)
 PSPermGen       total 16384K, used 4480K [0x2b100000, 0x2c100000, 0x33100000)
  object space 16384K, 27% used [0x2b100000,0x2b5601e0,0x2c100000)
}
Event: 66.879 GC heap before
{Heap before GC invocations=22 (full 5):
 PSYoungGen      total 566528K, used 66497K [0x88640000, 0xb3100000, 0xb3100000)
  eden space 433920K, 0% used [0x88640000,0x88640000,0xa2e00000)
  from space 132608K, 50% used [0xa2e00000,0xa6ef0590,0xaaf80000)
  to   space 131072K, 0% used [0xab100000,0xab100000,0xb3100000)
 ParOldGen       total 400640K, used 400602K [0x33100000, 0x4b840000, 0x88640000)
  object space 400640K, 99% used [0x33100000,0x4b836b38,0x4b840000)
 PSPermGen       total 16384K, used 4480K [0x2b100000, 0x2c100000, 0x33100000)
  object space 16384K, 27% used [0x2b100000,0x2b5601e0,0x2c100000)
Event: 71.652 GC heap after
Heap after GC invocations=22 (full 5):
 PSYoungGen      total 566528K, used 58638K [0x88640000, 0xb3100000, 0xb3100000)
  eden space 433920K, 0% used [0x88640000,0x88640000,0xa2e00000)
  from space 132608K, 44% used [0xa2e00000,0xa67438a8,0xaaf80000)
  to   space 131072K, 0% used [0xab100000,0xab100000,0xb3100000)
 ParOldGen       total 580096K, used 400402K [0x33100000, 0x56780000, 0x88640000)
  object space 580096K, 69% used [0x33100000,0x4b804960,0x56780000)
 PSPermGen       total 16384K, used 4480K [0x2b100000, 0x2c100000, 0x33100000)
  object space 16384K, 27% used [0x2b100000,0x2b5600e0,0x2c100000)
}
Event: 75.496 GC heap before
{Heap before GC invocations=23 (full 5):
 PSYoungGen      total 566528K, used 492558K [0x88640000, 0xb3100000, 0xb3100000)
  eden space 433920K, 100% used [0x88640000,0xa2e00000,0xa2e00000)
  from space 132608K, 44% used [0xa2e00000,0xa67438a8,0xaaf80000)
  to   space 131072K, 0% used [0xab100000,0xab100000,0xb3100000)
 ParOldGen       total 580096K, used 400402K [0x33100000, 0x56780000, 0x88640000)
  object space 580096K, 69% used [0x33100000,0x4b804960,0x56780000)
 PSPermGen       total 16384K, used 4482K [0x2b100000, 0x2c100000, 0x33100000)
  object space 16384K, 27% used [0x2b100000,0x2b560990,0x2c100000)
Event: 78.827 GC heap after
Heap after GC invocations=23 (full 5):
 PSYoungGen      total 425216K, used 131071K [0x88640000, 0xb3100000, 0xb3100000)
  eden space 294144K, 0% used [0x88640000,0x88640000,0x9a580000)
  from space 131072K, 99% used [0xab100000,0xb30fff60,0xb3100000)
  to   space 202496K, 0% used [0x9a580000,0x9a580000,0xa6b40000)
 ParOldGen       total 580096K, used 534355K [0x33100000, 0x56780000, 0x88640000)
  object space 580096K, 92% used [0x33100000,0x53ad4c00,0x56780000)
 PSPermGen       total 16384K, used 4482K [0x2b100000, 0x2c100000, 0x33100000)
  object space 16384K, 27% used [0x2b100000,0x2b560990,0x2c100000)
}
Event: 79.221 GC heap before
{Heap before GC invocations=24 (full 6):
 PSYoungGen      total 425216K, used 131071K [0x88640000, 0xb3100000, 0xb3100000)
  eden space 294144K, 0% used [0x88640000,0x88640000,0x9a580000)
  from space 131072K, 99% used [0xab100000,0xb30fff60,0xb3100000)
  to   space 202496K, 0% used [0x9a580000,0x9a580000,0xa6b40000)
 ParOldGen       total 580096K, used 534355K [0x33100000, 0x56780000, 0x88640000)
  object space 580096K, 92% used [0x33100000,0x53ad4c00,0x56780000)
 PSPermGen       total 16384K, used 4482K [0x2b100000, 0x2c100000, 0x33100000)
  object space 16384K, 27% used [0x2b100000,0x2b560990,0x2c100000)

